2026-04-04 17:22:28,667 INFO o.a.j.u.JMeterUtils: Setting Locale to en_EN
2026-04-04 17:22:28,691 INFO o.a.j.JMeter: Loading user properties from: /opt/apache-jmeter-5.5/bin/user.properties
2026-04-04 17:22:28,694 INFO o.a.j.JMeter: Loading system properties from: /opt/apache-jmeter-5.5/bin/system.properties
2026-04-04 17:22:28,695 INFO o.a.j.JMeter: Setting System property: log4j2.formatMsgNoLookups=true
2026-04-04 17:22:28,696 INFO o.a.j.JMeter: Setting JMeter property: host=host.docker.internal
2026-04-04 17:22:28,696 INFO o.a.j.JMeter: Setting JMeter property: port=8080
2026-04-04 17:22:28,709 INFO o.a.j.JMeter: Copyright (c) 1998-2022 The Apache Software Foundation
2026-04-04 17:22:28,710 INFO o.a.j.JMeter: Version 5.5
2026-04-04 17:22:28,710 INFO o.a.j.JMeter: java.version=1.8.0_275
2026-04-04 17:22:28,711 INFO o.a.j.JMeter: java.vm.name=OpenJDK 64-Bit Server VM
2026-04-04 17:22:28,711 INFO o.a.j.JMeter: os.name=Linux
2026-04-04 17:22:28,712 INFO o.a.j.JMeter: os.arch=amd64
2026-04-04 17:22:28,712 INFO o.a.j.JMeter: os.version=5.15.167.4-microsoft-standard-WSL2
2026-04-04 17:22:28,713 INFO o.a.j.JMeter: file.encoding=UTF-8
2026-04-04 17:22:28,713 INFO o.a.j.JMeter: java.awt.headless=true
2026-04-04 17:22:28,714 INFO o.a.j.JMeter: Max memory     =5570035712
2026-04-04 17:22:28,714 INFO o.a.j.JMeter: Available Processors =12
2026-04-04 17:22:28,722 INFO o.a.j.JMeter: Default Locale=English (EN)
2026-04-04 17:22:28,723 INFO o.a.j.JMeter: JMeter  Locale=English (EN)
2026-04-04 17:22:28,723 INFO o.a.j.JMeter: JMeterHome=/opt/apache-jmeter-5.5
2026-04-04 17:22:28,724 INFO o.a.j.JMeter: user.dir  =/tests
2026-04-04 17:22:28,725 INFO o.a.j.JMeter: PWD       =/tests
2026-04-04 17:22:28,726 INFO o.a.j.JMeter: IP: 172.18.0.4 Name: 214960f591d0 FullName: 214960f591d0
2026-04-04 17:22:28,755 INFO o.a.j.JMeter: Setting property 'jmeter.reportgenerator.outputdir' to:'/tests/results/report'
2026-04-04 17:22:28,760 INFO o.a.j.s.FileServer: Default base='/tests'
2026-04-04 17:22:28,761 INFO o.a.j.s.FileServer: Set new base='/tests'
2026-04-04 17:22:28,901 INFO o.a.j.s.SaveService: Testplan (JMX) version: 2.2. Testlog (JTL) version: 2.2
2026-04-04 17:22:28,921 INFO o.a.j.s.SaveService: Using SaveService properties file encoding UTF-8
2026-04-04 17:22:28,927 INFO o.a.j.s.SaveService: Using SaveService properties version 5.0
2026-04-04 17:22:28,934 INFO o.a.j.s.SaveService: Loading file: /tests/all-endpoints-load-test.jmx
2026-04-04 17:22:28,981 INFO o.a.j.p.h.c.CookieManager: Settings: Delete null: true Check: true Allow variable: true Save: false Prefix: COOKIE_
2026-04-04 17:22:28,998 INFO o.a.j.p.h.s.HTTPSamplerBase: Parser for text/html is org.apache.jmeter.protocol.http.parser.LagartoBasedHtmlParser
2026-04-04 17:22:28,998 INFO o.a.j.p.h.s.HTTPSamplerBase: Parser for application/xhtml+xml is org.apache.jmeter.protocol.http.parser.LagartoBasedHtmlParser
2026-04-04 17:22:28,999 INFO o.a.j.p.h.s.HTTPSamplerBase: Parser for application/xml is org.apache.jmeter.protocol.http.parser.LagartoBasedHtmlParser
2026-04-04 17:22:28,999 INFO o.a.j.p.h.s.HTTPSamplerBase: Parser for text/xml is org.apache.jmeter.protocol.http.parser.LagartoBasedHtmlParser
2026-04-04 17:22:28,999 INFO o.a.j.p.h.s.HTTPSamplerBase: Parser for text/vnd.wap.wml is org.apache.jmeter.protocol.http.parser.RegexpHTMLParser
2026-04-04 17:22:29,000 INFO o.a.j.p.h.s.HTTPSamplerBase: Parser for text/css is org.apache.jmeter.protocol.http.parser.CssParser
2026-04-04 17:22:29,446 INFO o.a.j.JMeter: Creating summariser <summary>
2026-04-04 17:22:29,463 INFO o.a.j.r.d.ReportGenerator: ReportGenerator will use for Parsing the separator: ','
2026-04-04 17:22:29,466 INFO o.a.j.r.d.ReportGenerator: Will generate report at end of test from  results file: /tests/results/all-endpoints-results.jtl
2026-04-04 17:22:29,466 INFO o.a.j.r.d.ReportGenerator: Reading report generator properties from: /opt/apache-jmeter-5.5/bin/reportgenerator.properties
2026-04-04 17:22:29,477 INFO o.a.j.r.d.ReportGenerator: Merging with JMeter properties
2026-04-04 17:22:29,485 INFO o.a.j.r.c.ReportGeneratorConfiguration: Property 'jmeter.reportgenerator.temp_dir' not found, using default value 'temp' instead.
2026-04-04 17:22:29,489 INFO o.a.j.r.c.ReportGeneratorConfiguration: Property 'jmeter.reportgenerator.apdex_per_transaction' not found, using default value 'null' instead.
2026-04-04 17:22:29,490 INFO o.a.j.r.c.ReportGeneratorConfiguration: apdex_per_transaction is empty, not APDEX per transaction customization
2026-04-04 17:22:29,491 INFO o.a.j.r.c.ReportGeneratorConfiguration: Property 'jmeter.reportgenerator.sample_filter' not found, using default value 'null' instead.
2026-04-04 17:22:29,491 INFO o.a.j.r.c.ReportGeneratorConfiguration: Property 'jmeter.reportgenerator.report_title' not found, using default value 'null' instead.
2026-04-04 17:22:29,492 INFO o.a.j.r.c.ReportGeneratorConfiguration: Property 'jmeter.reportgenerator.start_date' not found, using default value 'null' instead.
2026-04-04 17:22:29,492 INFO o.a.j.r.c.ReportGeneratorConfiguration: Property 'jmeter.reportgenerator.end_date' not found, using default value 'null' instead.
2026-04-04 17:22:29,492 INFO o.a.j.r.c.ReportGeneratorConfiguration: Property 'jmeter.reportgenerator.date_format' not found, using default value 'null' instead.
2026-04-04 17:22:29,493 INFO o.a.j.r.c.ReportGeneratorConfiguration: Will use date range start date: null, end date: null
2026-04-04 17:22:29,509 INFO o.a.j.r.c.ReportGeneratorConfiguration: Property 'jmeter.reportgenerator.graph.totalTPS.exclude_controllers' not found, using default value 'false' instead.
2026-04-04 17:22:29,510 INFO o.a.j.r.c.ReportGeneratorConfiguration: Property 'jmeter.reportgenerator.graph.activeThreadsOverTime.exclude_controllers' not found, using default value 'false' instead.
2026-04-04 17:22:29,511 INFO o.a.j.r.c.ReportGeneratorConfiguration: Property 'jmeter.reportgenerator.graph.timeVsThreads.exclude_controllers' not found, using default value 'false' instead.
2026-04-04 17:22:29,512 INFO o.a.j.r.c.ReportGeneratorConfiguration: Property 'jmeter.reportgenerator.graph.responseTimeDistribution.exclude_controllers' not found, using default value 'false' instead.
2026-04-04 17:22:29,512 INFO o.a.j.r.c.ReportGeneratorConfiguration: Property 'jmeter.reportgenerator.graph.transactionsPerSecond.exclude_controllers' not found, using default value 'false' instead.
2026-04-04 17:22:29,513 INFO o.a.j.r.c.ReportGeneratorConfiguration: Property 'jmeter.reportgenerator.graph.responseTimePercentiles.exclude_controllers' not found, using default value 'false' instead.
2026-04-04 17:22:29,513 INFO o.a.j.r.c.ReportGeneratorConfiguration: Property 'jmeter.reportgenerator.graph.responseTimePercentilesOverTime.exclude_controllers' not found, using default value 'false' instead.
2026-04-04 17:22:29,514 INFO o.a.j.r.c.ReportGeneratorConfiguration: Property 'jmeter.reportgenerator.graph.responseTimesOverTime.exclude_controllers' not found, using default value 'false' instead.
2026-04-04 17:22:29,514 INFO o.a.j.r.c.ReportGeneratorConfiguration: Property 'jmeter.reportgenerator.graph.connectTimeOverTime.exclude_controllers' not found, using default value 'false' instead.
2026-04-04 17:22:29,515 INFO o.a.j.r.c.ReportGeneratorConfiguration: Property 'jmeter.reportgenerator.graph.latenciesOverTime.exclude_controllers' not found, using default value 'false' instead.
2026-04-04 17:22:29,518 INFO o.a.j.r.c.ReportGeneratorConfiguration: Property 'jmeter.reportgenerator.exporter.json.filters_only_sample_series' not found, using default value 'true' instead.
2026-04-04 17:22:29,519 INFO o.a.j.r.c.ReportGeneratorConfiguration: Property 'jmeter.reportgenerator.exporter.json.series_filter' not found, using default value '' instead.
2026-04-04 17:22:29,520 INFO o.a.j.r.c.ReportGeneratorConfiguration: Property 'jmeter.reportgenerator.exporter.json.show_controllers_only' not found, using default value 'false' instead.
2026-04-04 17:22:29,521 INFO o.a.j.r.c.ReportGeneratorConfiguration: Property 'jmeter.reportgenerator.exporter.html.filters_only_sample_series' not found, using default value 'true' instead.
2026-04-04 17:22:29,522 INFO o.a.j.r.c.ReportGeneratorConfiguration: Property 'jmeter.reportgenerator.exporter.html.series_filter' not found, using default value '' instead.
2026-04-04 17:22:29,522 INFO o.a.j.r.c.ReportGeneratorConfiguration: Property 'jmeter.reportgenerator.exporter.html.show_controllers_only' not found, using default value 'false' instead.
2026-04-04 17:22:29,535 INFO o.a.j.e.StandardJMeterEngine: Running the test!
2026-04-04 17:22:29,536 INFO o.a.j.s.SampleEvent: List of sample_variables: []
2026-04-04 17:22:29,537 INFO o.a.j.s.SampleEvent: List of sample_variables: []
2026-04-04 17:22:29,544 INFO o.a.j.e.u.CompoundVariable: Note: Function class names must contain the string: '.functions.'
2026-04-04 17:22:29,544 INFO o.a.j.e.u.CompoundVariable: Note: Function class names must not contain the string: '.gui.'
2026-04-04 17:22:30,123 INFO o.a.j.JMeter: Running test (1775316150123)
2026-04-04 17:22:30,217 INFO o.a.j.e.StandardJMeterEngine: Starting ThreadGroup: 1 : Positive Endpoints Load
2026-04-04 17:22:30,217 INFO o.a.j.e.StandardJMeterEngine: Starting 10 threads for group Positive Endpoints Load.
2026-04-04 17:22:30,218 INFO o.a.j.e.StandardJMeterEngine: Thread will continue on error
2026-04-04 17:22:30,218 INFO o.a.j.t.ThreadGroup: Starting thread group... number=1 threads=10 ramp-up=10 delayedStart=false
2026-04-04 17:22:30,234 INFO o.a.j.t.JMeterThread: Thread started: Positive Endpoints Load 1-1
2026-04-04 17:22:30,244 INFO o.a.j.t.ThreadGroup: Started thread group number 1
2026-04-04 17:22:30,245 INFO o.a.j.e.StandardJMeterEngine: Starting ThreadGroup: 2 : Expected 409 Endpoints
2026-04-04 17:22:30,245 INFO o.a.j.e.StandardJMeterEngine: Starting 3 threads for group Expected 409 Endpoints.
2026-04-04 17:22:30,246 INFO o.a.j.e.StandardJMeterEngine: Thread will continue on error
2026-04-04 17:22:30,246 INFO o.a.j.t.ThreadGroup: Starting thread group... number=2 threads=3 ramp-up=3 delayedStart=false
2026-04-04 17:22:30,248 INFO o.a.j.t.JMeterThread: Thread started: Expected 409 Endpoints 2-1
2026-04-04 17:22:30,253 INFO o.a.j.t.ThreadGroup: Started thread group number 2
2026-04-04 17:22:30,253 INFO o.a.j.e.StandardJMeterEngine: All thread groups have been started
2026-04-04 17:22:30,284 INFO o.a.j.p.h.s.HTTPHCAbstractImpl: Local host = 214960f591d0
2026-04-04 17:22:30,296 INFO o.a.j.p.h.s.HTTPHC4Impl: HTTP request retry count = 0
2026-04-04 17:22:30,299 INFO o.a.j.s.SampleResult: Note: Sample TimeStamps are START times
2026-04-04 17:22:30,300 INFO o.a.j.s.SampleResult: sampleresult.default.encoding is set to ISO-8859-1
2026-04-04 17:22:30,300 INFO o.a.j.s.SampleResult: sampleresult.useNanoTime=true
2026-04-04 17:22:30,301 INFO o.a.j.s.SampleResult: sampleresult.nanoThreadSleep=5000
2026-04-04 17:22:31,225 INFO o.a.j.t.JMeterThread: Thread started: Positive Endpoints Load 1-2
2026-04-04 17:22:31,251 INFO o.a.j.t.JMeterThread: Thread started: Expected 409 Endpoints 2-2
2026-04-04 17:22:31,322 INFO o.a.j.r.Summariser: summary +      1 in 00:00:01 =    0.8/s Avg:    67 Min:    67 Max:    67 Err:     0 (0.00%) Active: 4 Started: 4 Finished: 0
2026-04-04 17:22:31,465 INFO o.a.j.t.JMeterThread: Thread is done: Expected 409 Endpoints 2-1
2026-04-04 17:22:31,465 INFO o.a.j.t.JMeterThread: Thread is done: Expected 409 Endpoints 2-2
2026-04-04 17:22:31,466 INFO o.a.j.t.JMeterThread: Thread finished: Expected 409 Endpoints 2-1
2026-04-04 17:22:31,466 INFO o.a.j.t.JMeterThread: Thread finished: Expected 409 Endpoints 2-2
2026-04-04 17:22:32,224 INFO o.a.j.t.JMeterThread: Thread started: Positive Endpoints Load 1-3
2026-04-04 17:22:32,250 INFO o.a.j.t.JMeterThread: Thread started: Expected 409 Endpoints 2-3
2026-04-04 17:22:32,299 INFO o.a.j.t.JMeterThread: Thread is done: Expected 409 Endpoints 2-3
2026-04-04 17:22:32,300 INFO o.a.j.t.JMeterThread: Thread finished: Expected 409 Endpoints 2-3
2026-04-04 17:22:33,223 INFO o.a.j.t.JMeterThread: Thread started: Positive Endpoints Load 1-4
2026-04-04 17:22:34,223 INFO o.a.j.t.JMeterThread: Thread started: Positive Endpoints Load 1-5
2026-04-04 17:22:35,222 INFO o.a.j.t.JMeterThread: Thread started: Positive Endpoints Load 1-6
2026-04-04 17:22:36,224 INFO o.a.j.t.JMeterThread: Thread started: Positive Endpoints Load 1-7
2026-04-04 17:22:37,223 INFO o.a.j.t.JMeterThread: Thread started: Positive Endpoints Load 1-8
2026-04-04 17:22:38,222 INFO o.a.j.t.JMeterThread: Thread started: Positive Endpoints Load 1-9
2026-04-04 17:22:39,223 INFO o.a.j.t.JMeterThread: Thread started: Positive Endpoints Load 1-10
2026-04-04 17:23:00,067 INFO o.a.j.r.Summariser: summary +    246 in 00:00:29 =    8.6/s Avg:    35 Min:     7 Max:   331 Err:     0 (0.00%) Active: 10 Started: 13 Finished: 3
2026-04-04 17:23:00,068 INFO o.a.j.r.Summariser: summary =    247 in 00:00:30 =    8.2/s Avg:    35 Min:     7 Max:   331 Err:     0 (0.00%)
2026-04-04 17:23:01,566 INFO o.a.j.t.JMeterThread: Thread is done: Positive Endpoints Load 1-1
2026-04-04 17:23:01,567 INFO o.a.j.t.JMeterThread: Thread finished: Positive Endpoints Load 1-1
2026-04-04 17:23:02,252 INFO o.a.j.t.JMeterThread: Thread is done: Positive Endpoints Load 1-2
2026-04-04 17:23:02,252 INFO o.a.j.t.JMeterThread: Thread finished: Positive Endpoints Load 1-2
2026-04-04 17:23:03,233 INFO o.a.j.t.JMeterThread: Thread is done: Positive Endpoints Load 1-3
2026-04-04 17:23:03,233 INFO o.a.j.t.JMeterThread: Thread finished: Positive Endpoints Load 1-3
2026-04-04 17:23:04,185 INFO o.a.j.t.JMeterThread: Thread is done: Positive Endpoints Load 1-4
2026-04-04 17:23:04,185 INFO o.a.j.t.JMeterThread: Thread finished: Positive Endpoints Load 1-4
2026-04-04 17:23:05,255 INFO o.a.j.t.JMeterThread: Thread is done: Positive Endpoints Load 1-5
2026-04-04 17:23:05,255 INFO o.a.j.t.JMeterThread: Thread finished: Positive Endpoints Load 1-5
2026-04-04 17:23:06,213 INFO o.a.j.t.JMeterThread: Thread is done: Positive Endpoints Load 1-6
2026-04-04 17:23:06,213 INFO o.a.j.t.JMeterThread: Thread finished: Positive Endpoints Load 1-6
2026-04-04 17:23:07,329 INFO o.a.j.t.JMeterThread: Thread is done: Positive Endpoints Load 1-7
2026-04-04 17:23:07,329 INFO o.a.j.t.JMeterThread: Thread finished: Positive Endpoints Load 1-7
2026-04-04 17:23:08,402 INFO o.a.j.t.JMeterThread: Thread is done: Positive Endpoints Load 1-8
2026-04-04 17:23:08,403 INFO o.a.j.t.JMeterThread: Thread finished: Positive Endpoints Load 1-8
2026-04-04 17:23:09,318 INFO o.a.j.t.JMeterThread: Thread is done: Positive Endpoints Load 1-9
2026-04-04 17:23:09,318 INFO o.a.j.t.JMeterThread: Thread finished: Positive Endpoints Load 1-9
2026-04-04 17:23:10,229 INFO o.a.j.t.JMeterThread: Thread is done: Positive Endpoints Load 1-10
2026-04-04 17:23:10,230 INFO o.a.j.t.JMeterThread: Thread finished: Positive Endpoints Load 1-10
2026-04-04 17:23:10,230 INFO o.a.j.e.StandardJMeterEngine: Notifying test listeners of end of test
2026-04-04 17:23:10,232 INFO o.a.j.r.Summariser: summary +     62 in 00:00:10 =    6.1/s Avg:    31 Min:    11 Max:   297 Err:     0 (0.00%) Active: 0 Started: 13 Finished: 13
2026-04-04 17:23:10,232 INFO o.a.j.r.Summariser: summary =    309 in 00:00:40 =    7.7/s Avg:    34 Min:     7 Max:   331 Err:     0 (0.00%)
2026-04-04 17:23:10,233 INFO o.a.j.JMeter: Generating Dashboard
2026-04-04 17:23:10,233 INFO o.a.j.r.d.ReportGenerator: Flushing result collector before report Generation
2026-04-04 17:23:10,257 INFO o.a.j.r.p.NormalizerSampleConsumer: Using format, 'ms', to parse timeStamp field
2026-04-04 17:23:10,369 INFO o.a.j.r.p.AbstractSampleConsumer: class org.apache.jmeter.report.processor.AggregateConsumer#stopProducing(): beginDate produced 0 samples
2026-04-04 17:23:10,369 INFO o.a.j.r.p.AbstractSampleConsumer: class org.apache.jmeter.report.processor.AggregateConsumer#stopProducing(): endDate produced 0 samples
2026-04-04 17:23:10,374 INFO o.a.j.r.p.AbstractSampleConsumer: class org.apache.jmeter.report.processor.ApdexSummaryConsumer#stopProducing(): apdexSummary produced 0 samples
2026-04-04 17:23:10,375 INFO o.a.j.r.p.AbstractSampleConsumer: class org.apache.jmeter.report.processor.RequestsSummaryConsumer#stopProducing(): requestsSummary produced 0 samples
2026-04-04 17:23:10,384 INFO o.a.j.r.p.AbstractSampleConsumer: class org.apache.jmeter.report.processor.StatisticsSummaryConsumer#stopProducing(): statisticsSummary produced 0 samples
2026-04-04 17:23:10,387 INFO o.a.j.r.p.AbstractSampleConsumer: class org.apache.jmeter.report.processor.Top5ErrorsBySamplerConsumer#stopProducing(): top5ErrorsBySampler produced 0 samples
2026-04-04 17:23:10,388 INFO o.a.j.r.p.AbstractSampleConsumer: class org.apache.jmeter.report.processor.ErrorsSummaryConsumer#stopProducing(): errorsSummary produced 0 samples
2026-04-04 17:23:10,389 INFO o.a.j.r.p.AbstractSampleConsumer: class org.apache.jmeter.report.processor.graph.impl.HitsPerSecondGraphConsumer#stopProducing(): hitsPerSecond produced 0 samples
2026-04-04 17:23:10,435 INFO o.a.j.r.p.AbstractSampleConsumer: class org.apache.jmeter.report.processor.graph.impl.LatencyVSRequestGraphConsumer#stopProducing(): latencyVsRequest produced 0 samples
2026-04-04 17:23:10,436 INFO o.a.j.r.p.AbstractSampleConsumer: class org.apache.jmeter.report.processor.graph.impl.SyntheticResponseTimeDistributionGraphConsumer#stopProducing(): syntheticResponseTimeDistribution produced 0 samples
2026-04-04 17:23:10,436 INFO o.a.j.r.p.AbstractSampleConsumer: class org.apache.jmeter.report.processor.graph.impl.BytesThroughputGraphConsumer#stopProducing(): bytesThroughputOverTime produced 0 samples
2026-04-04 17:23:10,437 INFO o.a.j.r.p.AbstractSampleConsumer: class org.apache.jmeter.report.processor.graph.impl.CodesPerSecondGraphConsumer#stopProducing(): codesPerSecond produced 0 samples
2026-04-04 17:23:10,472 INFO o.a.j.r.p.AbstractSampleConsumer: class org.apache.jmeter.report.processor.graph.impl.ResponseTimeVSRequestGraphConsumer#stopProducing(): responseTimeVsRequest produced 0 samples
2026-04-04 17:23:10,472 INFO o.a.j.r.p.AbstractSampleConsumer: class org.apache.jmeter.report.processor.FilterConsumer#stopProducing(): startIntervalControlerFilter produced 2163 samples
2026-04-04 17:23:10,473 INFO o.a.j.r.p.AbstractSampleConsumer: class org.apache.jmeter.report.processor.graph.impl.TotalTPSGraphConsumer#stopProducing(): totalTPS produced 0 samples
2026-04-04 17:23:10,473 INFO o.a.j.r.p.AbstractSampleConsumer: class org.apache.jmeter.report.processor.graph.impl.ActiveThreadsGraphConsumer#stopProducing(): activeThreadsOverTime produced 0 samples
2026-04-04 17:23:10,473 INFO o.a.j.r.p.AbstractSampleConsumer: class org.apache.jmeter.report.processor.graph.impl.TimeVSThreadGraphConsumer#stopProducing(): timeVsThreads produced 0 samples
2026-04-04 17:23:10,475 INFO o.a.j.r.p.AbstractSampleConsumer: class org.apache.jmeter.report.processor.graph.impl.ResponseTimeDistributionGraphConsumer#stopProducing(): responseTimeDistribution produced 0 samples
2026-04-04 17:23:10,476 INFO o.a.j.r.p.AbstractSampleConsumer: class org.apache.jmeter.report.processor.graph.impl.TransactionsPerSecondGraphConsumer#stopProducing(): transactionsPerSecond produced 0 samples
2026-04-04 17:23:10,477 INFO o.a.j.r.p.AbstractSampleConsumer: class org.apache.jmeter.report.processor.graph.impl.ResponseTimePercentilesGraphConsumer#stopProducing(): responseTimePercentiles produced 0 samples
2026-04-04 17:23:10,488 INFO o.a.j.r.p.AbstractSampleConsumer: class org.apache.jmeter.report.processor.graph.impl.ResponseTimePercentilesOverTimeGraphConsumer#stopProducing(): responseTimePercentilesOverTime produced 0 samples
2026-04-04 17:23:10,489 INFO o.a.j.r.p.AbstractSampleConsumer: class org.apache.jmeter.report.processor.graph.impl.ResponseTimeOverTimeGraphConsumer#stopProducing(): responseTimesOverTime produced 0 samples
2026-04-04 17:23:10,490 INFO o.a.j.r.p.AbstractSampleConsumer: class org.apache.jmeter.report.processor.graph.impl.ConnectTimeOverTimeGraphConsumer#stopProducing(): connectTimeOverTime produced 0 samples
2026-04-04 17:23:10,490 INFO o.a.j.r.p.AbstractSampleConsumer: class org.apache.jmeter.report.processor.graph.impl.LatencyOverTimeGraphConsumer#stopProducing(): latenciesOverTime produced 0 samples
2026-04-04 17:23:10,491 INFO o.a.j.r.p.AbstractSampleConsumer: class org.apache.jmeter.report.processor.FilterConsumer#stopProducing(): nameFilter produced 4635 samples
2026-04-04 17:23:10,491 INFO o.a.j.r.p.AbstractSampleConsumer: class org.apache.jmeter.report.processor.FilterConsumer#stopProducing(): dateRangeFilter produced 927 samples
2026-04-04 17:23:10,491 INFO o.a.j.r.p.AbstractSampleConsumer: class org.apache.jmeter.report.processor.NormalizerSampleConsumer#stopProducing(): normalizer produced 309 samples
2026-04-04 17:23:10,492 INFO o.a.j.r.p.CsvFileSampleSource: produce(): 309 samples produced in 217ms on channel 0
2026-04-04 17:23:10,493 INFO o.a.j.r.d.ReportGenerator: Exporting data using exporter:'json' of className:'org.apache.jmeter.report.dashboard.JsonExporter'
2026-04-04 17:23:10,672 INFO o.a.j.r.d.JsonExporter: Found data for consumer statisticsSummary in context
2026-04-04 17:23:10,672 INFO o.a.j.r.d.JsonExporter: Creating statistics for overall
2026-04-04 17:23:10,673 INFO o.a.j.r.d.JsonExporter: Creating statistics for other transactions
2026-04-04 17:23:10,675 INFO o.a.j.r.d.JsonExporter: Checking output folder
2026-04-04 17:23:10,687 INFO o.a.j.r.d.JsonExporter: Writing statistics JSON to /tests/results/report/statistics.json
2026-04-04 17:23:10,744 INFO o.a.j.r.d.ReportGenerator: Exporting data using exporter:'html' of className:'org.apache.jmeter.report.dashboard.HtmlTemplateExporter'
2026-04-04 17:23:10,758 INFO o.a.j.r.d.HtmlTemplateExporter: Will generate dashboard in folder: /tests/results/report
2026-04-04 17:23:10,974 INFO o.a.j.r.d.HtmlTemplateExporter: Report will be generated in: /tests/results/report, creating folder structure
2026-04-04 17:23:10,989 INFO o.a.j.r.d.TemplateVisitor: Copying folder from '/opt/apache-jmeter-5.5/bin/report-template' to '/tests/results/report', got message: /tests/results/report, found non empty folder with following content [/tests/results/report/statistics.json], will be ignored
2026-04-04 17:23:12,516 INFO o.a.j.JMeter: Dashboard generated
