2026-04-01 14:05:52.802 INFO  [background-preinit] o.h.validator.internal.util.Version - HV000001: Hibernate Validator 9.0.1.Final
2026-04-01 14:05:52.883 INFO  [main] com.restaurant.app.AppApplication - Starting AppApplication using Java 23.0.2 with PID 13976 (D:\javalabs\app\target\classes started by Colorful in D:\javalabs\app)
2026-04-01 14:05:52.883 DEBUG [main] com.restaurant.app.AppApplication - Running with Spring Boot v4.0.3, Spring v7.0.5
2026-04-01 14:05:52.884 INFO  [main] com.restaurant.app.AppApplication - No active profile set, falling back to 1 default profile: "default"
2026-04-01 14:05:54.450 INFO  [main] o.s.d.r.c.RepositoryConfigurationDelegate - Bootstrapping Spring Data JPA repositories in DEFAULT mode.
2026-04-01 14:05:54.588 INFO  [main] o.s.d.r.c.RepositoryConfigurationDelegate - Finished Spring Data repository scanning in 121 ms. Found 5 JPA repository interfaces.
2026-04-01 14:05:55.695 INFO  [main] o.s.boot.tomcat.TomcatWebServer - Tomcat initialized with port 8080 (http)
2026-04-01 14:05:55.718 INFO  [main] o.a.coyote.http11.Http11NioProtocol - Initializing ProtocolHandler ["http-nio-8080"]
2026-04-01 14:05:55.721 INFO  [main] o.a.catalina.core.StandardService - Starting service [Tomcat]
2026-04-01 14:05:55.722 INFO  [main] o.a.catalina.core.StandardEngine - Starting Servlet engine: [Apache Tomcat/11.0.18]
2026-04-01 14:05:55.822 INFO  [main] o.s.b.w.c.s.WebApplicationContextInitializer - Root WebApplicationContext: initialization completed in 2826 ms
2026-04-01 14:05:56.155 INFO  [main] org.hibernate.orm.jpa - HHH008540: Processing PersistenceUnitInfo [name: default]
2026-04-01 14:05:56.280 INFO  [main] org.hibernate.orm.core - HHH000001: Hibernate ORM core version 7.2.4.Final
2026-04-01 14:05:57.069 INFO  [main] o.s.o.j.p.SpringPersistenceUnitInfo - No LoadTimeWeaver setup: ignoring JPA class transformer
2026-04-01 14:05:57.147 INFO  [main] com.zaxxer.hikari.HikariDataSource - HikariPool-1 - Starting...
2026-04-01 14:05:57.460 INFO  [main] com.zaxxer.hikari.pool.HikariPool - HikariPool-1 - Added connection org.postgresql.jdbc.PgConnection@795eddda
2026-04-01 14:05:57.464 INFO  [main] com.zaxxer.hikari.HikariDataSource - HikariPool-1 - Start completed.
2026-04-01 14:05:57.607 INFO  [main] o.hibernate.orm.connections.pooling - HHH10001005: Database info:
	Database JDBC URL [jdbc:postgresql://localhost:5432/restaurant_lab]
	Database driver: PostgreSQL JDBC Driver
	Database dialect: PostgreSQLDialect
	Database version: 16.13
	Default catalog/schema: restaurant_lab/public
	Autocommit mode: undefined/unknown
	Isolation level: READ_COMMITTED [default READ_COMMITTED]
	JDBC fetch size: none
	Pool: DataSourceConnectionProvider
	Minimum pool size: undefined/unknown
	Maximum pool size: undefined/unknown
2026-04-01 14:05:59.377 INFO  [main] org.hibernate.orm.core - HHH000489: No JTA platform available (set 'hibernate.transaction.jta.platform' to enable JTA platform integration)
2026-04-01 14:05:59.602 INFO  [main] o.s.o.j.LocalContainerEntityManagerFactoryBean - Initialized JPA EntityManagerFactory for persistence unit 'default'
2026-04-01 14:05:59.780 INFO  [main] o.s.d.j.r.q.QueryEnhancerFactories - Hibernate is in classpath; If applicable, HQL parser will be used.
2026-04-01 14:06:03.287 INFO  [main] o.a.coyote.http11.Http11NioProtocol - Starting ProtocolHandler ["http-nio-8080"]
2026-04-01 14:06:03.309 INFO  [main] o.s.boot.tomcat.TomcatWebServer - Tomcat started on port 8080 (http) with context path '/'
2026-04-01 14:06:03.316 INFO  [main] com.restaurant.app.AppApplication - Started AppApplication in 11.329 seconds (process running for 12.535)
2026-04-01 14:06:08.256 INFO  [http-nio-8080-exec-1] o.a.c.c.C.[Tomcat].[localhost].[/] - Initializing Spring DispatcherServlet 'dispatcherServlet'
2026-04-01 14:06:08.256 INFO  [http-nio-8080-exec-1] o.s.web.servlet.DispatcherServlet - Initializing Servlet 'dispatcherServlet'
2026-04-01 14:06:08.260 INFO  [http-nio-8080-exec-1] o.s.web.servlet.DispatcherServlet - Completed initialization in 3 ms
2026-04-01 14:06:09.330 DEBUG [http-nio-8080-exec-1] org.hibernate.SQL - 
    select
        c1_0.id,
        c1_0.full_name,
        c1_0.phone 
    from
        customers c1_0 
    where
        c1_0.phone in (?, ?, ?)
2026-04-01 14:06:09.336 TRACE [http-nio-8080-exec-1] org.hibernate.orm.jdbc.bind - binding parameter (1:VARCHAR) <- [+79990001122]
2026-04-01 14:06:09.336 TRACE [http-nio-8080-exec-1] org.hibernate.orm.jdbc.bind - binding parameter (2:VARCHAR) <- [+79990001123]
2026-04-01 14:06:09.337 TRACE [http-nio-8080-exec-1] org.hibernate.orm.jdbc.bind - binding parameter (3:VARCHAR) <- [+79990001124]
2026-04-01 14:06:09.493 DEBUG [http-nio-8080-exec-1] org.hibernate.SQL - 
    insert 
    into
        customers
        (full_name, phone) 
    values
        (?, ?)
2026-04-01 14:06:09.498 TRACE [http-nio-8080-exec-1] org.hibernate.orm.jdbc.bind - binding parameter (1:VARCHAR) <- [Ivan Petrov]
2026-04-01 14:06:09.498 TRACE [http-nio-8080-exec-1] org.hibernate.orm.jdbc.bind - binding parameter (2:VARCHAR) <- [+79990001122]
2026-04-01 14:06:09.533 DEBUG [http-nio-8080-exec-1] org.hibernate.SQL - 
    insert 
    into
        customers
        (full_name, phone) 
    values
        (?, ?)
2026-04-01 14:06:09.534 TRACE [http-nio-8080-exec-1] org.hibernate.orm.jdbc.bind - binding parameter (1:VARCHAR) <- [Petr Ivanov]
2026-04-01 14:06:09.535 TRACE [http-nio-8080-exec-1] org.hibernate.orm.jdbc.bind - binding parameter (2:VARCHAR) <- [+79990001123]
2026-04-01 14:06:09.540 DEBUG [http-nio-8080-exec-1] org.hibernate.SQL - 
    insert 
    into
        customers
        (full_name, phone) 
    values
        (?, ?)
2026-04-01 14:06:09.541 TRACE [http-nio-8080-exec-1] org.hibernate.orm.jdbc.bind - binding parameter (1:VARCHAR) <- [Jhony Dep]
2026-04-01 14:06:09.542 TRACE [http-nio-8080-exec-1] org.hibernate.orm.jdbc.bind - binding parameter (2:VARCHAR) <- [+79990001124]
2026-04-01 14:06:09.593 DEBUG [http-nio-8080-exec-1] org.hibernate.SQL - 
    select
        count(*) 
    from
        customers c1_0
2026-04-01 14:06:09.603 INFO  [http-nio-8080-exec-1] c.r.a.a.ServiceExecutionLoggingAspect - Executed CustomerServiceImpl.createBulk(..) in 825 ms
2026-04-01 14:06:29.526 DEBUG [http-nio-8080-exec-3] org.hibernate.SQL - 
    select
        c1_0.id,
        c1_0.full_name,
        c1_0.phone 
    from
        customers c1_0 
    where
        c1_0.phone=?
2026-04-01 14:06:29.526 TRACE [http-nio-8080-exec-3] org.hibernate.orm.jdbc.bind - binding parameter (1:VARCHAR) <- [+79990001140]
2026-04-01 14:06:29.533 DEBUG [http-nio-8080-exec-3] org.hibernate.SQL - 
    insert 
    into
        customers
        (full_name, phone) 
    values
        (?, ?)
2026-04-01 14:06:29.534 TRACE [http-nio-8080-exec-3] org.hibernate.orm.jdbc.bind - binding parameter (1:VARCHAR) <- [Ivan Petrov]
2026-04-01 14:06:29.534 TRACE [http-nio-8080-exec-3] org.hibernate.orm.jdbc.bind - binding parameter (2:VARCHAR) <- [+79990001140]
2026-04-01 14:06:29.540 INFO  [http-nio-8080-exec-3] c.r.a.a.ServiceExecutionLoggingAspect - Executed TransactionDemoServiceImpl.bulkCreateCustomersWithTransaction(..) in 30 ms
2026-04-01 14:06:29.555 WARN  [http-nio-8080-exec-3] c.r.a.e.GlobalExceptionHandler - Conflict for request POST /api/v1/transactions/customers/bulk-with-tx: Bulk demo conflict for phone=+79990001140
2026-04-01 14:07:13.692 DEBUG [http-nio-8080-exec-4] org.hibernate.SQL - 
    select
        c1_0.id,
        c1_0.full_name,
        c1_0.phone 
    from
        customers c1_0 
    where
        c1_0.phone=?
2026-04-01 14:07:13.692 TRACE [http-nio-8080-exec-4] org.hibernate.orm.jdbc.bind - binding parameter (1:VARCHAR) <- [+79995001140]
2026-04-01 14:07:13.705 DEBUG [http-nio-8080-exec-4] org.hibernate.SQL - 
    insert 
    into
        customers
        (full_name, phone) 
    values
        (?, ?)
2026-04-01 14:07:13.707 TRACE [http-nio-8080-exec-4] org.hibernate.orm.jdbc.bind - binding parameter (1:VARCHAR) <- [Ivan Pet]
2026-04-01 14:07:13.707 TRACE [http-nio-8080-exec-4] org.hibernate.orm.jdbc.bind - binding parameter (2:VARCHAR) <- [+79995001140]
2026-04-01 14:07:13.712 DEBUG [http-nio-8080-exec-4] org.hibernate.SQL - 
    select
        c1_0.id,
        c1_0.full_name,
        c1_0.phone 
    from
        customers c1_0 
    where
        c1_0.phone=?
2026-04-01 14:07:13.713 TRACE [http-nio-8080-exec-4] org.hibernate.orm.jdbc.bind - binding parameter (1:VARCHAR) <- [+79990001140]
2026-04-01 14:07:13.718 DEBUG [http-nio-8080-exec-4] org.hibernate.SQL - 
    insert 
    into
        customers
        (full_name, phone) 
    values
        (?, ?)
2026-04-01 14:07:13.719 TRACE [http-nio-8080-exec-4] org.hibernate.orm.jdbc.bind - binding parameter (1:VARCHAR) <- [Ivan Petrov]
2026-04-01 14:07:13.720 TRACE [http-nio-8080-exec-4] org.hibernate.orm.jdbc.bind - binding parameter (2:VARCHAR) <- [+79990001140]
2026-04-01 14:07:13.723 INFO  [http-nio-8080-exec-4] c.r.a.a.ServiceExecutionLoggingAspect - Executed TransactionDemoServiceImpl.bulkCreateCustomersWithTransaction(..) in 28 ms
2026-04-01 14:07:13.729 WARN  [http-nio-8080-exec-4] c.r.a.e.GlobalExceptionHandler - Conflict for request POST /api/v1/transactions/customers/bulk-with-tx: Bulk demo conflict for phone=+79990001140
2026-04-01 14:07:34.677 DEBUG [http-nio-8080-exec-5] org.hibernate.SQL - 
    select
        c1_0.id,
        c1_0.full_name,
        c1_0.phone 
    from
        customers c1_0 
    where
        c1_0.phone=?
2026-04-01 14:07:34.683 TRACE [http-nio-8080-exec-5] org.hibernate.orm.jdbc.bind - binding parameter (1:VARCHAR) <- [+79995001140]
2026-04-01 14:07:34.690 DEBUG [http-nio-8080-exec-5] org.hibernate.SQL - 
    insert 
    into
        customers
        (full_name, phone) 
    values
        (?, ?)
2026-04-01 14:07:34.691 TRACE [http-nio-8080-exec-5] org.hibernate.orm.jdbc.bind - binding parameter (1:VARCHAR) <- [Ivan Pet]
2026-04-01 14:07:34.692 TRACE [http-nio-8080-exec-5] org.hibernate.orm.jdbc.bind - binding parameter (2:VARCHAR) <- [+79995001140]
2026-04-01 14:07:34.705 DEBUG [http-nio-8080-exec-5] org.hibernate.SQL - 
    select
        c1_0.id,
        c1_0.full_name,
        c1_0.phone 
    from
        customers c1_0 
    where
        c1_0.phone=?
2026-04-01 14:07:34.706 TRACE [http-nio-8080-exec-5] org.hibernate.orm.jdbc.bind - binding parameter (1:VARCHAR) <- [+79990001140]
2026-04-01 14:07:34.713 DEBUG [http-nio-8080-exec-5] org.hibernate.SQL - 
    insert 
    into
        customers
        (full_name, phone) 
    values
        (?, ?)
2026-04-01 14:07:34.713 TRACE [http-nio-8080-exec-5] org.hibernate.orm.jdbc.bind - binding parameter (1:VARCHAR) <- [Ivan Petrov]
2026-04-01 14:07:34.714 TRACE [http-nio-8080-exec-5] org.hibernate.orm.jdbc.bind - binding parameter (2:VARCHAR) <- [+79990001140]
2026-04-01 14:07:34.732 DEBUG [http-nio-8080-exec-5] org.hibernate.SQL - 
    select
        count(*) 
    from
        customers c1_0
2026-04-01 14:07:34.740 INFO  [http-nio-8080-exec-5] c.r.a.a.ServiceExecutionLoggingAspect - Executed TransactionDemoServiceImpl.bulkCreateCustomersWithoutTransaction(..) in 178 ms
2026-04-01 14:10:12.075 INFO  [SpringApplicationShutdownHook] o.s.boot.tomcat.GracefulShutdown - Commencing graceful shutdown. Waiting for active requests to complete
2026-04-01 14:10:12.143 INFO  [tomcat-shutdown] o.s.boot.tomcat.GracefulShutdown - Graceful shutdown complete
2026-04-01 14:10:12.153 INFO  [SpringApplicationShutdownHook] o.s.o.j.LocalContainerEntityManagerFactoryBean - Closing JPA EntityManagerFactory for persistence unit 'default'
2026-04-01 14:10:12.157 INFO  [SpringApplicationShutdownHook] com.zaxxer.hikari.HikariDataSource - HikariPool-1 - Shutdown initiated...
2026-04-01 14:10:12.176 INFO  [SpringApplicationShutdownHook] com.zaxxer.hikari.HikariDataSource - HikariPool-1 - Shutdown completed.
